  GameEntities.cpp
  GameProject.cpp
  GameSetup.cpp
C:\Game\GameProject\GameProject\GameSetup.cpp(63,65): warning C4244: 'argument': conversion from 'T' to 'T', possible loss of data
C:\Game\GameProject\GameProject\GameSetup.cpp(63,65): warning C4244:         with
C:\Game\GameProject\GameProject\GameSetup.cpp(63,65): warning C4244:         [
C:\Game\GameProject\GameProject\GameSetup.cpp(63,65): warning C4244:             T=unsigned int
C:\Game\GameProject\GameProject\GameSetup.cpp(63,65): warning C4244:         ]
C:\Game\GameProject\GameProject\GameSetup.cpp(63,65): warning C4244:         and
C:\Game\GameProject\GameProject\GameSetup.cpp(63,65): warning C4244:         [
C:\Game\GameProject\GameProject\GameSetup.cpp(63,65): warning C4244:             T=float
C:\Game\GameProject\GameProject\GameSetup.cpp(63,65): warning C4244:         ]
C:\Game\GameProject\GameProject\GameSetup.cpp(63,45): warning C4244: 'argument': conversion from 'T' to 'T', possible loss of data
C:\Game\GameProject\GameProject\GameSetup.cpp(63,45): warning C4244:         with
C:\Game\GameProject\GameProject\GameSetup.cpp(63,45): warning C4244:         [
C:\Game\GameProject\GameProject\GameSetup.cpp(63,45): warning C4244:             T=unsigned int
C:\Game\GameProject\GameProject\GameSetup.cpp(63,45): warning C4244:         ]
C:\Game\GameProject\GameProject\GameSetup.cpp(63,45): warning C4244:         and
C:\Game\GameProject\GameProject\GameSetup.cpp(63,45): warning C4244:         [
C:\Game\GameProject\GameProject\GameSetup.cpp(63,45): warning C4244:             T=float
C:\Game\GameProject\GameProject\GameSetup.cpp(63,45): warning C4244:         ]
  GameUIAudio.cpp
  main.cpp
  Generating code
  579 of 588 functions (98.5%) were compiled, the rest were copied from previous compilation.
    82 functions were new in current compilation
    1 functions had inline decision re-evaluated but remain unchanged
  Finished generating code
  GameProject.vcxproj -> C:\Game\GameProject\x64\Release\GameProject.exe
